[    0.000000] Linux rsion 4.15.0-70-generic (buildd@lgw01-amd64-055) (gcc version 7.4.0 (Ubuntu 7.4.0-1ubuntu1~18.04.1)) #79-Ubuntu  SMPTue Nov 12 10:36:11 UTC 2019 (Ubuntu 4.15.0-70.79-generic 4.15.18)
[    0.000000] Command line: BOOT_IMAGE=oot/vmlinuz-4.15.0-70-generic root=LABEL=cloudimg-root ro console=tty1 conso=ttyS0
[    0.000000] KERNEL supported cpus:
[    0.000000]   Intel GenuineIntel
[    0.000000]   AMD AuthenticAMD
[    0.0000]   Centaur CentaurHauls
[    0.000000] x86/fpu: Supporting XSAVE ature 0x001: 'x87 floating point registers'[   0.00000] x6/fpu: Supporting XAVE ftue 0x002: 'SSE regists'
[   0.00000]x86/fpu: Sporting XSAVE featur 0x004: 'AVX registers'
[    000000] x86/fpu: xstate_offset[2]:  576, xstate_sizes[2]:  256
[  0.000000] x86/fpu: Enabled xstate features 0x7, context size is 832 bytes, using 'standard' format.
[    0.000000] e820: BIOS-rovided physical RAM m:
[    0.000000] BS-e820: [mem 0x0000000000000000-0x000000000009fbff] usable
[    0.000] BIS-820: [mem 0x000000000fc0-0x000000000009ff] reserved
[    0.00000] BIOS-e820:[mem 0x00000000000f0000-0x00000000000fffff] reserved
[    0.000000] BIOS-e820: [mem 0x0000000000100000-0x000000003ffeff] usable
[  0.000000] BIOS-e820: [mem 0x000000003fff0000-0x000000003fffffff] ACPI data
[    0.000000] BIOS-e820: [mem 0x00000000fec00000-0x00000000fec00fff] reserved
[    0.000000] BIOS-e820: [mem 0x00000000fee0000-000000000feefff] reserd
[    0.000] BIOS-e0: [mem 0x00000000fffc0000-0x00000000ffffffff] reserved
    0000000] NX xecute Disabl) rotection: active
[    0.000000] SMBOS 2.5 preen.
[    0.0000] DMI: innotek GmbH VirtualBox/VirtualBox, BIOS VirtualBox 12/01/2006
[    0.000000] Hypervisor detected: KVM
[    0.000000] e820: last_pfn =x3fff0 max_arch_pfn = 0x4000000
[   0.000000] MTRR: Disabled
[    0.0000] x86/PAT: RR disabl, skipping PAinitialization o.
[    000000] CPU MTRRs all blank - virtalizedsytem.
[    0.000000] x86/PATConfiguration[07]: WB  WT  UC- UC  WB  WT  - UC  
[   0.000000] found SMP MP-table at [m 0x0009f00x0009ff]
[    0.00000] canning1 arasfor lomeory corrupon
[    0.000000] RAMDISK: [mem 0x35a8700-0x3d3afff]
[   .000000] ACPI: Early tae hecks verifitin disabled
[   0.000000] ACPI: RSDP 0x00000000E0000 000024 (v02 VBOX  )
[    0.000000] ACPIXSDT 0x00000003F00030 00003C (v01 VBOX   VBOXXSDT 00000001 ASL  00000061)
[    0.000000] ACPI: FACP 0x000000003FFF00F0 0000F4 (v04 VBOX   VBOXFACP 00000001 ASL  00000061)
[    0.000000] ACPI: DSDT 0x000000003FFF0470 0021FF (v02 VBOX   VBOXBIOS 00000002 INTL 20100528)
[    0.000000] ACPI: FACS 0x000000003FFF0200 000040
[    0.000000] ACPI: FACS 0x000000003FFF0200 000040
[    0.000000] ACPI: APIC 0x000000003FFF0240 00005C (v02 VBOX   VBOXAPIC 00000001 ASL  00000061)
[    0.000000] ACPI: SSDT 0x000000003FFF02A0 0001CC (v01 VBOX   VBOXCPUT 00000002 INTL 20100528)
[    0.000000] No NUMA configuration found
[    0.000000] Faking a node at [mem 0x0000000000000000-0x000000003ffeffff]
[    0.000000] NODE_DATA(0) allocated [mem 0x3ffc5000-0x3ffeffff]
[    0.000000] kvm-clock: cpu 0, msr 0:3ff44001, primary cpu clock
[    0.000000] kvm-clock: Using msrs 4b564d01 and 4b564d00
[    0.000000] kvm-clock: using sched offset of 3991389307 cycles
[    0.000000] clocksource: kvm-clock: mask: 0xffffffffffffffff max_cycles: 0x1cd42e4dffb, max_idle_ns: 881590591483 ns
[    0.000000] Zone ranges:
[    0.000000]   DMA      [mem 0x0000000000001000-0x0000000000ffffff]
[    0.000000]   DMA32    [mem 0x0000000001000000-0x000000003ffeffff]
[    0.000000]   Normal   empty
[    0.000000]   Device   emp
[    0.000000] Movable zone start for eacnode
[    0.00000]Early meor node ranges[    0.000000  node  : mem 0x0000000000001000-0x0000000009fff][   0.000000]   node 0 [mem 0x0000000000000-0x000000003ffeffff
[   0.000000] Reserv bt unaiable: 98 pages
[    0.0000000] Initmem setup node 0 [m 0x0000000000001000-0x000000003ffeffff]
[    0.000000] ACPI: PM-Timer IO Port: 0x4008
[    0.000000] IOAPIC[0 apic_id 2, version 2,address 0xfec00000, GSI 0-23
[    0.000000] ACPI: INT_SRCVR (bus 0 bus_irq 0 global_irq 2 dfl dfl)
[    0.000000] ACPI: INT_SRC_OR bus  bus_iq 9 global_irq 9 low level)
[    0.000000] Using ACPI (MADT) for SMP confiratin nformaon
[     0.000000] smpboot: Allowing 2 CPUs, 0 hotplug CPUs
[    0.000000] PM: gitered nosave memory: [mem 0x00000000-0x00000fff]
[    0.000000] PM: Registed nosave memory: [mem 0x0009f000-0x0009ffff]
[  0.000000] PM: Registered nosave memory:mem 0x000a0000-000effff]
[    0.000000] PM: Reisterenoave memory: [me0x000f0000-0x000fffff]
[    0.000000e820[mem 0x40000000-0xfebffff]vailablefor PCI devices
[    0.000000] Booting paravirtulied kerneln VM
[  .000000] clocksource: refined-jiffies: mask: 0xffffffff x_cycles:xffffffff, max_idle_ns: 76455196001568ns
[  0000000] ranm:get_ranm_bytes called from start_kernel+0x99/0x4fd withcrng_init=0
[    0.000000] etp_percpu: NR_CPUS:8192 nr_cpumask_bits:2 nr_cpu_ids:2 nr_node_ids:1
[    0.000000] percpu: Embded 45 pescpu s1456 r82 2867u148576[     0.000000] PV qspinlock hash table entries: 256 (order:, 406 bytes)
[    0.00000] Built znelists,obility grouin on.  Totalages: 257913
[    0.000000] Policy zone: DMA32[    000000Kenel command line: BOOT_IMAGE=/boot/vmluz-4.15.0-70-gerc root=LABEL=cloudimg-ootfs ro console=tty1 console=ttyS0
[    0.000000] Memory: 983436K/1048120K available (12300K kernel code, 2481K rwdata, 4264K rodata, 2432K init, 2388K bss, 64684K reserd,0K cma-rerved)
[  0.00000] SUB: HWalign=64, Order=0-3, Minbjects, PUs=2, Nodes
[    0.000000] rnl/User page tables isolaon: enabled
[    0.000000] ftrace: allocating 39315 entries in 154 pages
[    0.004000] Hierarchical RCU implementation.
[    0.004000] 	RCU restricting CPUs from NR_CPUS=8192 to nr_cpu_ids=2.
[  0.00000] 	Tasks RCU enabed.
[    0.004000] RCU: Adjusting geometry for rcu_fanout_leaf=16, nr_cpu_ids=2
[    0.004000] NR_IRQS: 524544, nr_is: 440, preallocated irqs: 16
[    0.004000] Console: colour VGA+ 80x25
[    0.004000] console [y1] enabled
[   .00400 cnsole [ttyS0] enled
[  0.004000] ACPI: Core revision 2017031
[  0.0000] ACPI:2 CPI AML taes successfully acquired and loaded
[   0.004000] APIC: Switch to symmetric I/O mode setup
[    0.004306] x2apic enabled
[    0.008008] Switched APIC routing to physical x2apic.
[    0.013446] ..TIMER: vector=0x30 apic1=0 pin1=2 apic2=-1 pin2=-1
[    0.016006] tsc: Detected 2303.998 MHz processor
[    0.020012] Calibrating delay loop (skipped) preset value.. 4607.99 BogoMIPS (lpj=9215992)
[    0.024006] pid_max: default: 32768 minimum: 301
[    0.026908] Security Framework initialized
[    0.028006] Yama: becoming mindful.
[    0.032032] AppArmor: AppArmor initialized
[    0.036054] Dentry cache hash table entries: 131072 (order: 8, 1048576 bytes)
[    0.040063] Inode-cache hash table entries: 65536 (order: 7, 524288 bytes)
[    0.044028] Mount-cache hash table entries: 2048 (order: 2, 16384 bytes)
[    0.048014] Mountpoint-cache hash table entries: 2048 (order: 2, 16384 bytes)
[    0.052287] Last level iTLB entries: 4KB 64, 2MB 8, 4MB 8
[    0.056006] Last level dTLB entries: 4KB 64, 2MB 0, 4MB 0, 1GB 4
[    0.060007] Spectre V1 : Mitigation: usercopy/swapgs barriers and __user pointer sanitization
[    0.064006] Spectre V2 : Mitigation: Full generic retpoline
[    0.068004] Spectre V2 : Spectre v2 / SpectreRSB mitigation: Filling RSB on context switch
[    0.072005] Speculative Store Bypass: Vulnerable
[    0.075170] MDS: Vulnerable: Clear CPU buffers attempted, no microcode
[    0.076149] Freeing SMP alternatives memory: 36K
[    0.187737] smpboot: CPU0: Intel(R) Core(TM) i5-7360U CPU @ 2.30GHz (family: 0x6, model: 0x8e, stepping: 0x9)
[    0.188079] Performance Events: unsupported p6 CPU model 142 no PMU driver, software events only.
[    0.192065] Hierarchical SRCU implementation.
[    0.196531] NMI watchdog: Perf event create on CPU 0 failed with -2
[    0.200007] NMI watchdog: Perf NMI watchdog permanently disabled
[    0.204073] smp: Bringing up secondary CPUs ...
[    0.206431] x86: Booting SMP configuration:
[    0.208004] .... node  #0, CPUs:      #1
[    0.004000] kvm-clock: cpu 1, msr 0:3ff44041, secondary cpu clock
[    0.216023] smp: Brought up 1 node, 2 CPUs
[    0.220009] smpboot: Max logical packages: 1
[    0.224015] smpboot: Total of 2 processors activated (9215.99 BogoMIPS)
[    0.228161] devtmpfs: initialized
[    0.232063] x86/mm: Memory block size: 128MB
[    0.236146] evm: security.selinux
[    0.240011] evm: security.SMACK64
[    0.244006] evm: security.SMACK64EXEC
[    0.248006] evm: security.SMACK64TRANSMUTE
[    0.252008] evm: security.SMACK64MMAP
[    0.256006] evm: security.apparmor
[    0.260006] evm: security.ima
[    0.264006] evm: security.capability
[    0.272168] clocksource: jiffies: mask: 0xffffffff max_cycles: 0xffffffff, max_idle_ns: 7645041785100000 ns
[    0.276017] futex hash table entries: 512 (order: 3, 32768 bytes)
[    0.281397] pinctrl core: initialized pinctrl subsystem
[    0.284114] RTC time:  2:01:32, date: 11/17/19
[    0.288207] NET: Registered protocol family 16
[    0.292090] audit: initializing netlink subsys (disabled)
[    0.296065] audit: type=2000 audit(1573956088.735:1): state=initialized audit_enabled=0 res=1
[    0.368013] cpuidle: using governor ladder
[    0.372021] cpuidle: using governor menu
[    0.376093] ACPI: bus type PCI registered
[    0.380007] acpiphp: ACPI Hot Plug PCI Controller Driver version: 0.5
[    0.384211] PCI: Using configuration type 1 for base access
[    0.389382] HugeTLB registered 2.00 MiB page size, pre-allocated 0 pages
[    0.392159] ACPI: Added _OSI(Module Device)
[    0.396009] ACPI: Added _OSI(Processor Device)
[    0.400007] ACPI: Added _OSI(3.0 _SCP Extensions)
[    0.404007] ACPI: Added _OSI(Processor Aggregator Device)
[    0.408008] ACPI: Added _OSI(Linux-Dell-Video)
[    0.412010] ACPI: Added _OSI(Linux-Lenovo-NV-HDMI-Audio)
[    0.416009] ACPI: Added _OSI(Linux-HPI-Hybrid-Graphics)
[    0.418116] ACPI: Executed 1 blocks of module-level executable AML code
[    0.425739] ACPI: Interpreter enabled
[    0.428026] ACPI: (supports S0 S5)
[    0.432006] ACPI: Using IOAPIC for interrupt routing
[    0.436232] PCI: Using host bridge windows from ACPI; if necessary, use "pci=nocrs" and report a bug
[    0.440223] ACPI: Enabled 2 GPEs in block 00 to 07
[    0.452696] ACPI: PCI Root Bridge [PCI0] (domain 0000 [bus 00-ff])
[    0.456024] acpi PNP0A03:00: _OSC: OS supports [ASPM ClockPM Segments MSI]
[    0.460048] acpi PNP0A03:00: _OSC: not requesting OS control; OS requires [ExtendedConfig ASPM ClockPM MSI]
[    0.464031] acpi PNP0A03:00: fail to add MMCONFIG information, can't access extended PCI configuration space under this bridge.
[    0.468480] PCI host bridge to bus 0000:00
[    0.472011] pci_bus 0000:00: root bus resource [io  0x0000-0x0cf7 window]
[    0.476009] pci_bus 0000:00: root bus resource [io  0x0d00-0xffff window]
[    0.480010] pci_bus 0000:00: root bus resource [mem 0x000a0000-0x000bffff window]
[    0.484010] pci_bus 0000:00: root bus resource [mem 0x40000000-0xfdffffff window]
[    0.488009] pci_bus 0000:00: root bus resource [bus 00-ff]
[    0.497359] pci 0000:00:01.1: legacy IDE quirk: reg 0x10: [io  0x01f0-0x01f7]
[    0.500008] pci 0000:00:01.1: legacy IDE quirk: reg 0x14: [io  0x03f6]
[    0.504009] pci 0000:00:01.1: legacy IDE quirk: reg 0x18: [io  0x0170-0x0177]
[    0.508007] pci 0000:00:01.1: legacy IDE quirk: reg 0x1c: [io  0x0376]
[    0.529526] pci 0000:00:07.0: quirk: [io  0x4000-0x403f] claimed by PIIX4 ACPI
[    0.532029] pci 0000:00:07.0: quirk: [io  0x4100-0x410f] claimed by PIIX4 SMB
[    0.544489] ACPI: PCI Interrupt Link [LNKA] (IRQs 5 9 10 *11)
[    0.548328] ACPI: PCI Interrupt Link [LNKB] (IRQs 5 9 *10 11)
[    0.552171] ACPI: PCI Interrupt Link [LNKC] (IRQs 5 *9 10 11)
[    0.556225] ACPI: PCI Interrupt Link [LNKD] (IRQs 5 9 10 *11)
[    0.560816] SCSI subsystem initialized
[    0.568097] pci 0000:00:02.0: vgaarb: setting as boot VGA device
[    0.572000] pci 0000:00:02.0: vgaarb: VGA device added: decodes=io+mem,owns=io+mem,locks=none
[    0.572012] pci 0000:00:02.0: vgaarb: bridge control possible
[    0.576007] vgaarb: loaded
[    0.580055] ACPI: bus type USB registered
[    0.584041] usbcore: registered new interface driver usbfs
[    0.588031] usbcore: registered new interface driver hub
[    0.592042] usbcore: registered new device driver usb
[    0.596094] EDAC MC: Ver: 3.0.0
[    0.600366] PCI: Using ACPI for IRQ routing
[    0.604391] NetLabel: Initializing
[    0.608005] NetLabel:  domain hash size = 128
[    0.612005] NetLabel:  protocols = UNLABELED CIPSOv4 CALIPSO
[    0.616043] NetLabel:  unlabeled traffic allowed by default
[    0.620091] clocksource: Switched to clocksource kvm-clock
[    0.636727] V: Disk otas uot_6.6.0
[   0.79305]FS: Dquot-cache hash table entes: 512 (order 0, 4096 bytes)
[    1.017505] AppArmor: AppArmor Filesystem Enabled
[  1.02123] pnp: PnP ACPI init
[    1.143035] pnp: PnP ACPI: found 3 devices

[    1.159457] clocksource: acpi_pm: mask: 0xffffff max_cycles: 0xffffff, max_idle_ns 2085701024 ns
[    1.210468] NET: Registered protocol family 2
[    1.214290] TCP established hash table entries: 8192 (order: 4, 65536 bytes)
[    1.218132] TCP bind hash table entries: 8192 (order: 5, 131072 bytes)
[    1.224324] TCP: Hash tables configure(eabsh 82 bin81)
[  1549336UDP ha table entries: 12 (order: 2,6384 bytes)
[    1.793785] UDP-Lite shab entries:12 (order: 2, 16384 bytes)

[    1.984201] NET: Registered protocol fily 1
[  23770] pci 0000:00:00.0: Limiting direct PCI/PCI transfers
[    2.153881] pci 0000:00:01.0: Activating ISA DMA hang workarounds
[    2.156594] pci 0000:0:02.0: Videdevice wh adedOM at [m 000c0000-0x000dffff][    551944] Unpacking initramfs...

[    2.969372] Freeing initrd memory: 19152K
[    2.984217] clocksource: tsc: mask: 0xffffffffffffffff max_cycles: 0x2135f5e6f15, max_idle_ns: 440795231538 ns
[    2.987182] platform rtc_cmos: registered platform RTC device (no PNP device found)
[    2.989771] Scanning for low memory corruption every 60 seconds
[    3.010776] Initialise system trusted keyrings
[    3.019773] Key type blacklist registered
[    3.032543] workingset: timestamp_bits=36 max_order=18 bucket_order=0
[    3.048100] zbud: loaded
[    3.054962] squashfs: version 4.0 (2009/01/31) Phillip Lougher
[    3.057230] fuse init (API version 7.26)
[    3.080059] Key type asymmetric registered
[    3.081750] Asymmetric key parser 'x509' registered
[    3.083457] Block layer SCSI generic (bsg) driver version 0.4 loaded (major 246)
[    3.085726] io scheduler noop registered
[    3.086880] io scheduler deadline registered
[    3.088114] io scheduler cfq registered (default)
[    3.096688] ACPI: AC Adapter [AC] (on-line)
[    3.110063] input: Power Button as /devices/LNXSYSTM:00/LNXPWRBN:00/input/input0
[    3.165051] ACPI: Power Button [PWRF]
[    3.178149] input: Sleep Button as /devices/LNXSYSTM:00/LNXSLPBN:00/input/input1
[    3.260322] ACPI: Sleep Button [SLPF]
[    3.263966] ACPI: Battery Slot [BAT0] (battery present)
[    3.266390] Serial: 8250/16550 driver, 32 ports, IRQ sharing enabled
[    3.293354] 00:02: ttyS0t O 0x3 (irq = 4, base_baud = 520) is a 1650A

[    3.532397] Linux agpgart interface v0.103
[    3.538460] loop: module loaded
[    3.542278] scsi host0: ata_piix
[    3.544183] scsi host1: ata_piix
[    3.545169] ata1: PATA max UDMA/33 cmd 0x1f0 ctl 0x3f6 bmdma 0xd000 irq 14
[    3.547068] ata2: PATA max UDMA/33 cmd 0x170 ctl 0x376 bmdma 0xd008 irq 15
[    3.556082] libphy: Fixed MDIO Bus: probed
[    3.563695] tun: Universal TUN/TAP device driver, 1.6
[    3.573085] PPP generic driver version 2.4.2
[    3.587418] ehci_hcd: USB 2.0 'Enhanced' Host Controller (EHCI) Driver
[    3.589713] ehci-pci: EHCI PCI platform driver
[    3.593763] ehci-platform: EHCI generic platform driver
[    3.601166] ohci_hcd: USB 1.1 'Open' Host Controller (OHCI) Driver
[    3.603028] ohci-pci: OHCI PCI platform driver
[    3.604431] ohci-platform: OHCI generic platform driver
[    3.645951] uhci_hcd: USB Universal Host Controller Interface driver
[    3.662258] i8042: PNP: PS/2 Controller [PNP0303:PS2K,PNP0f03:PS2M] at 0x60,0x64 irq 1,12
[    3.716105] serio: i8042 KBD port at 0x60,0x64 irq 1
[    3.718366] ri i8042 AUX port at 0x60,0x64 irq 12

[    3.816849] mousedev: PS/2 mouse device common for all mice
[    3.819366] input: AT Translated Set 2 keyboard as /devices/platform/i8042/serio0/input/input2
[    3.820093] rtc_cmos rtc_cmos: rtc core: registered rtc_cmos as rtc0
[    3.883012] rtc_cmos rtc_cmos: alarms up to one day, 114 bytes nvram
[    3.901796] i2c /dev entries driver
[    3.906169] device-mapper: uevent: version 1.0.3
[    3.910437] device-mapper: ioctl: 4.37.0-ioctl (2017-09-20) initialised: dm-devel@redhat.com
[    3.930460] ledtrig-cpu: registered to indicate activity on CPUs
[    3.941425] NET: Registered protocol family 10
[    3.965816] Segment Routing with IPv6
[    3.985679] NET: Registered protocol family 17
[    3.987529] Key type dns_resolver registered
[    3.996373] mce: Using 0 MCE banks
[    4.017673] RAS: Correctable Errors collector initialized.
[    4.060798] sched_clock: Marking stable (4060712605, 0)->(14430437680, -10369725075)
[    4.127855] registered taskstats version 1
[    4.149978] Loading compiled-in X.509 certificates
[    4.173866] Loaded X.509 cert 'Build time autogenerated kernel key: 1859b0531897959199376c446a0bd70df75fd1fc'
[    4.235544] zswap: loaded using pool lzo/zbud
[    4.265239] Key type big_key registered
[    4.299091] Key type trusted registered
[    4.309411] Key type encrypted registered
[    4.322675] AppArmor: AppArmor sha1 policy hashing enabled
[    4.332877] ima: No TPM chip found, activating TPM-bypass! (rc=-19)
[    4.336748] ima: Allocated hash algorithm: sha1
[    4.347947] evm: HMAC attrs: 0x1
[    4.350844]   Magic number: 11:478:5
[    4.353641] rtc_cmos rtc_cmos: setting system clock to 2019-11-17 02:01:37 UTC (1573956097)
[    4.360694] BIOS EDD facility v0.16 2004-Jun-25, 0 devices found
[    4.365882] EDD information not available.
[    4.377228] Freeing unused kernel image memory: 2432K
[    4.388123] Write protecting the kernel read-only data: 20480k
[    4.394791] Freeing unused kernel image memory: 2008K
[    4.406160] Freeing unused kernel image memory: 1880K
[    4.425177] x86/mm: Checked W+X mappings: passed, no W+X pages found.
[    4.466427] x86/mm: Checking user space page tables
[    4.522776] x86/mm: Checked W+X mappings: passed, no W+X pages found.
Loading, please wait...
starting version 237
[    4.623004] Fusion MPT base driver 3.04.20
[    4.624345] Copyright (c) 1999-2008 LSI Corporation
[    4.634073] e1000: Intel(R) PRO/1000 Network Driver - version 7.3.21-k8-NAPI
[    4.639557] e1000: Copyright (c) 1999-2006 Intel Corporation.
[    4.660736] Fusion MPT SPI Host driver 3.04.20
[    4.666038] AVX2 version of gcm_enc/dec engaged.
[    4.674268] AES CTR mode by8 optimization enabled
[    4.865075] input: ImExPS/2 Generic Explorer Mouse as /devices/platform/i8042/serio1/input/input4
[    5.074395] e1000 0000:00:03.0 eth0: (PCI:33MHz:32-bit) 02:51:75:a4:93:2b
[    5.127097] e1000 0000:00:03.0 eth0: Intel(R) PRO/1000 Network Connection
[    5.194838] e1000 0000:00:03.0 enp0s3: renamed from eth0
[    5.196235] mptbase: ioc0: Initiating bringup
[    5.321866] ioc0: LSI53C1030 A0: Capabilities={Initiator}
[    5.576344] scsi host2: ioc0: LSI53C1030 A0, FwRev=00000000h, Ports=1, MaxQ=256, IRQ=20
[    5.744819] scsi 2:0:0:0: Direct-Access     VBOX     HARDDISK         1.0  PQ: 0 ANSI: 5
[    5.828302] scsi target2:0:0: Beginning Domain Validation
[    5.891966] scsi target2:0:0: Domain Validation skipping write tests
[    5.960523] scsi target2:0:0: Ending Domain Validation
[    5.988907] scsi target2:0:0: asynchronous
[    5.993517] scsi 2:0:1:0: Direct-Access     VBOX     HARDDISK         1.0  PQ: 0 ANSI: 5
[    6.032161] scsi target2:0:1: Beginning Domain Validation
[    6.043095] random: fast init done
[    6.493076] scsi target2:0:1: Domain Validation skipping write tests
[    6.556331] scsi target2:0:1: Ending Domain Validation
[    6.607217] scsi target2:0:1: asynchronous
[    6.644281] random: systemd-udevd: uninitialized urandom read (16 bytes read)
[    6.678888] sd 2:0:0:0: Attached scsi generic sg0 type 0
[    6.686064] sd 2:0:0:0: [sda] 20971520 512-byte logical blocks: (10.7 GB/10.0 GiB)
[    6.692108] random: systemd-udevd: uninitialized urandom read (16 bytes read)
[    6.706568] sd 2:0:0:0: [sda] Write Protect is off
[    6.708860] random: systemd-udevd: uninitialized urandom read (16 bytes read)
[    6.716842] sd 2:0:0:0: [sda] Incomplete mode parameter data
[    6.727415] sd 2:0:1:0: Attached scsi generic sg1 type 0
[    6.742151] sd 2:0:0:0: [sda] Assuming drive cache: write through
[    6.795279] sd 2:0:1:0: [sdb] 20480 512-byte logical blocks: (10.5 MB/10.0 MiB)
[    6.797583]  sda: sda1
[    6.813574] sd 2:0:1:0: [sdb] Write Protect is off
[    6.814613] sd 2:0:0:0: [sda] Attached SCSI disk
[    6.840761] sd 2:0:1:0: [sdb] Incomplete mode parameter data
[    6.880884] sd 2:0:1:0: [sdb] Assuming drive cache: write through
[    6.885758] sd 2:0:1:0: [sdb] Attached SCSI disk
Begin: Loading essential drivers ... [    8.300263] raid6: sse2x1   gen() 12182 MB/s
[    8.376210] raid6: sse2x1   xor()  8637 MB/s
[    8.440171] raid6: sse2x2   gen() 14752 MB/s
[    8.508197] raid6: sse2x2   xor()  9339 MB/s
[    8.592342] raid6: sse2x4   gen() 16405 MB/s
[    8.656099] raid6: sse2x4   xor() 10103 MB/s
[    8.736529] raid6: avx2x1   gen() 23093 MB/s
[    8.808494] raid6: avx2x1   xor() 16591 MB/s
[    8.892195] raid6: avx2x2   gen() 28810 MB/s
[    8.952237] raid6: avx2x2   xor() 17538 MB/s
[    9.016145] raid6: avx2x4   gen() 31335 MB/s
[    9.088075] raid6: avx2x4   xor() 19584 MB/s
[    9.100706] raid6: using algorithm avx2x4 gen() 31335 MB/s
[    9.129789] raid6: .... xor() 19584 MB/s, rmw enabled
[    9.171223] raid6: using avx2x2 recovery algorithm
[    9.185552] xor: automatically using best checksumming function   avx       
[    9.234337] async_tx: api initialized (async)
done.
Begin: Running /scripts/init-premount ... done.
Begin: Mounting root file system ... Begin: Running /scripts/local-top ... done.
Begin: Running /scripts/local-[    9.309906] Btrfs loaded, crc32c=crc32c-intel
premount ... Scanning for Btrfs filesystems
done.
Warning: fsck not present, so skipping root file system
[    9.357378] EXT4-fs (sda1): mounted filesystem with ordered data mode. Opts: (null)
done.
Begin: Running /scripts/local-bottom ... done.
Begin: Running /scripts/init-bottom ... done.
[    9.556714] ip_tables: (C) 2000-2006 Netfilter Core Team
[    9.568363] systemd[1]: systemd 237 running in system mode. (+PAM +AUDIT +SELINUX +IMA +APPARMOR +SMACK +SYSVINIT +UTMP +LIBCRYPTSETUP +GCRYPT +GNUTLS +ACL +XZ +LZ4 +SECCOMP +BLKID +ELFUTILS +KMOD -IDN2 +IDN -PCRE2 default-hierarchy=hybrid)
[    9.632377] systemd[1]: Detected virtualization oracle.
[    9.721120] systemd[1]: Detected architecture x86-64.

Welcome to [1mUbuntu 18.04.3 LTS[0m!

[    9.817274] systemd[1]: Set hostname to <ubuntu>.
[    9.911429] systemd[1]: Initializing machine ID from random generator.
[    9.970175] systemd[1]: Installed transient /etc/machine-id file.
[   10.286765] systemd[1]: Created slice System Slice.
[[0;32m  OK  [0m] Created slice System Slice.
[   10.327203] systemd[1]: Listening on Journal Audit Socket.
[[0;32m  OK  [0m] Listening on Journal Audit Socket.
[   10.338920] systemd[1]: Started Forward Password Requests to Wall Directory Watch.
[[0;32m  OK  [0m] Started Forward Password Requests to Wall Directory Watch.
[   10.452599] systemd[1]: Reached target System Time Synchronized.
[[0;32m  OK  [0m] Reached target System Time Synchronized.
[[0;32m  OK  [0m] Reached target Swap.
[[0;32m  OK  [0m] Listening on Network Service Netlink Socket.
[[0;32m  OK  [0m] Listening on LVM2 poll daemon socket.
[[0;32m  OK  [0m] Listening on Journal Socket (/dev/log).
[[0;32m  OK  [0m] Created slice system-serial\x2dgetty.slice.
[[0;32m  OK  [0m] Listening on Device-mapper event daemon FIFOs.
[[0;32m  OK  [0m] Listening on /dev/initctl Compatibility Named Pipe.
[[0;32m  OK  [0m] Listening on LVM2 metadata daemon socket.
[[0;32m  OK  [0m] Listening on udev Kernel Socket.
[[0;32m  OK  [0m] Listening on Journal Socket.
         Mounting POSIX Message Queue File System...
         Starting Uncomplicated firewall...
         Starting Load Kernel Modules...
         Starting Set the console keyboard layou[   10.833566] Loading iSCSI transport class v2.0-870.
t...
         Starting Remount Root and Kernel File Systems...
[[0;32m  OK  [0m] Set up automount Arbitrary Executab…rmats [   10.886535] iscsi: registered transport (tcp)
File System Automount Point.
[   10.921021] EXT4-fs (sda1): re-mounted. Opts: (null)
[[0;32m  OK  [0m] Created slice User and Sessi[   10.952093] iscsi: registered transport (iser)
on Slice.
[[0;32m  OK  [0m] Reached target Slices.
[[0;32m  OK  [0m] Reached target User and Group Name Lookups.
[[0;32m  OK  [0m] Listening on Syslog Socket.
         Starting Journal Service...
[[0;32m  OK  [0m] Listening on udev Control Socket.
         Starting udev Coldplug all Devices...
         Starting Create list of required st…ce nodes for the current kernel...
         Mounting Kernel Debug File System...
         Mounting Huge Pages File System...
         Starting Monitoring of LVM2 mirrors…ng dmeventd or progress polling...
[[0;32m  OK  [0m] Started Journal Service.
[[0;32m  OK  [0m] Mounted POSIX Message Queue File System.
[[0;32m  OK  [0m] Started Uncomplicated firewall.
[[0;32m  OK  [0m] Started Load Kernel Modules.
[[0;32m  OK  [0m] Started Set the console keyboard layout.
[[0;32m  OK  [0m] Started Remount Root and Kernel File Systems.
[[0;32m  OK  [0m] Started Create list of required sta…vice nodes for the current kernel.
[[0;32m  OK  [0m] Mounted Kernel Debug File System.
[[0;32m  OK  [0m] Mounted Huge Pages File System.
[[0;32m  OK  [0m] Started udev Coldplug all Devices.
[[0;32m  OK  [0m] Started LVM2 metadata daemon.
         Starting Create Static Device Nodes in /dev...
         Starting Load/Save Random Seed...
[   11.370687] random: crng init done
[   11.372509] random: 7 urandom warning(s) missed due to ratelimiting
         Mounting Kernel Configuration File System...
         Starting Apply Kernel Variables...
         Mounting FUSE Control File System...
         Starting Flush Journal to Persistent Storage...
[[0;32m  OK  [0m] Started Monitoring of LVM2 mirrors,…sing dmeventd or progress polling.
[[0;32m  OK  [0m] Started Create Static Device Nodes in /dev.
[[0;32m  OK  [0m] Started Load/Save Random Seed.
[[0;32m  OK  [0m] Mounted Kernel Configuration File System.
[[0;32m  OK  [0m] Started Apply Kernel Variables.
[[0;32m  OK  [0m] Mounted FUSE Control File System.
         Starting udev Kernel Device Manager...
[[0;32m  OK  [0m] Reached target Local File Systems (Pre).
[[0;32m  OK  [0m] Reached target Local File Systems.
         Starting AppArmor initialization...
         Starting Tell Plymouth To Write Out Runtime Data...
         Starting Commit a transient machine-id on disk...
         Starting Set console font and keymap...
         Starting ebtables ruleset management...
[[0;32m  OK  [0m] Started udev Kernel Device Manager.
[[0;32m  OK  [0m] Started Tell Plymouth To Write Out Runtime Data.
[[0;32m  OK  [0m] Started Set console font and keymap.
[[0;32m  OK  [0m] Started Dispatch Password Requests to Console Directory Watch.
[[0;32m  OK  [0m] Reached target Local Encrypted Volumes.
[[0;32m  OK  [0m] Started Flush Journal to Persistent Storage.
[[0;32m  OK  [0m] Started Commit a transient machine-id on disk.
[[0;32m  OK  [0m] Started ebtables ruleset management.
         Starting Create Volatile Files and Directories...
[[0;32m  OK  [0m] Started Create Volatile Files and Directories.
[[0;32m  OK  [0m] Found device /dev/ttyS0.
         Starting Update UTMP about System Boot/Shutdown...
[[0;32m  OK  [0m] Started Update UTMP about System Boot/Shutdown.
[[0;32m  OK  [0m] Listening on Load/Save RF Kill Switch Status /dev/rfkill Watch.
[[0;32m  OK  [0m] Started AppArmor initialization.
         Starting Initial cloud-init job (pre-networking)...
[   14.458795] cloud-init[566]: Cloud-init v. 19.2-36-g059d049c-0ubuntu2~18.04.1 running 'init-local' at Sun, 17 Nov 2019 02:01:47 +0000. Up 14.05 seconds.
[[0;32m  OK  [0m] Started Initial cloud-init job (pre-networking).
[[0;32m  OK  [0m] Reached target Network (Pre).
         Starting Network Service...
[[0;32m  OK  [0m] Started Network Service.
         Starting Network Name Resolution...
         Starting Wait for Network to be Configured...
[[0;32m  OK  [0m] Started Network Name Resolution.
[[0;32m  OK  [0m] Reached target Network.
[[0;32m  OK  [0m] Reached target Host and Network Name Lookups.
[[0;32m  OK  [0m] Started Wait for Network to be Configured.
         Starting Initial cloud-init job (metadata service crawler)...
[   17.197315] cloud-init[685]: Cloud-init v. 19.2-36-g059d049c-0ubuntu2~18.04.1 running 'init' at Sun, 17 Nov 2019 02:01:50 +0000. Up 16.96 seconds.
[   17.245762] cloud-init[685]: ci-info: ++++++++++++++++++++++++++++++++++++++Net device info++++++++++++++++++++++++++++++++++++++
[   17.304310] cloud-init[685]: ci-info: +--------+------+----------------------------+---------------+--------+-------------------+
[   17.327625] cloud-init[685]: ci-info: | Device |  Up  |          Address           |      Mask     | Scope  |     Hw-Address    |
[   17.420429] cloud-init[685]: ci-info: +--------+------+----------------------------+---------------+--------+-------------------+
[   17.438563] cloud-init[685]: ci-info: | enp0s3 | True |         10.0.2.15          | 255.255.255.0 | global | 02:51:75:a4:93:2b |
[   17.453280] cloud-init[685]: ci-info: | enp0s3 | True | fe80::51:75ff:fea4:932b/64 |       .       |  link  | 02:51:75:a4:93:2b |
[   17.500455] cloud-init[685]: ci-info: |   lo   | True |         127.0.0.1          |   255.0.0.0   |  host  |         .         |
[   17.506880] cloud-init[685]: ci-info: |   lo   | True |          ::1/128           |       .       |  host  |         .         |
[   17.511659] cloud-init[685]: ci-info: +--------+------+----------------------------+---------------+--------+-------------------+
[   17.581126] cloud-init[685]: ci-info: ++++++++++++++++++++++++++++Route IPv4 info+++++++++++++++++++++++++++++
[   17.597861] cloud-init[685]: ci-info: +-------+-------------+----------+-----------------+-----------+-------+
[   17.604295] cloud-init[685]: ci-info: | Route | Destination | Gateway  |     Genmask     | Interface | Flags |
[   17.642411] cloud-init[685]: ci-info: +-------+-------------+----------+-----------------+-----------+-------+
[   17.672152] cloud-init[685]: ci-info: |   0   |   0.0.0.0   | 10.0.2.2 |     0.0.0.0     |   enp0s3  |   UG  |
[   17.717687] cloud-init[685]: ci-info: |   1   |   10.0.2.0  | 0.0.0.0  |  255.255.255.0  |   enp0s3  |   U   |
[   17.730305] cloud-init[685]: ci-info: |   2   |   10.0.2.2  | 0.0.0.0  | 255.255.255.255 |   enp0s3  |   UH  |
[   17.810010] cloud-init[685]: ci-info: +-------+-------------+----------+-----------------+-----------+-------+
[   17.860887] cloud-init[685]: ci-info: +++++++++++++++++++Route IPv6 info+++++++++++++++++++
[   17.904240] cloud-init[685]: ci-info: +-------+-------------+---------+-----------+-------+
[   17.910829] cloud-init[685]: ci-info: | Route | Destination | Gateway | Interface | Flags |
[   17.920050] cloud-init[685]: ci-info: +-------+-------------+---------+-----------+-------+
[   17.927177] cloud-init[685]: ci-info: |   1   |  fe80::/64  |    ::   |   enp0s3  |   U   |
[   17.953316] cloud-init[685]: ci-info: |   3   |    local    |    ::   |   enp0s3  |   U   |
[[   17.992364] cloud-init[685]: ci-info: |   4   |   ff00::/8  |    ::   |   enp0s3  |   U   |
[   17.992768] cloud-init[685]: ci-info: +-------+-------------+---------+-----------+-------+
[0;32m  OK  [0m] Started Initial cloud-init job (metadata service crawler).
[[0;32m  OK  [0m] Reached target Cloud-config availability.
[[0;32m  OK  [0m] Reached target System Initialization.
[   17.993366] cloud-init[685]: Generating public/private rsa key pair.
         Starting LXD - unix socket.
[[0;32m  OK  [0m] Listening on ACPID Listen Socket.
[   18.146982] cloud-init[685]: Your identification has been saved in /etc/ssh/ssh_host_rsa_key.
         Starting Socket activation for snappy daemon.
[   18.222683] [[0;32m  OK  [0m] Started Message of the Day.
cloud-init[685]: Your public key has been saved in /etc/ssh/ssh_host_rsa_key.pub.
[[0;32m  OK  [0m] Started ACPI Events Check.
[[0;32m  OK  [0m] Reached target Paths.
[[0;32m  OK  [0m] Started Discard unused blocks once a week.
[   18.281379] cloud-init[685]: The key fingerprint is:
[[0;32m  OK  [0m] Listening on UUID daemon activation socket.
[   18.355423] [cloud-init[0;32m  OK  [0m[685]: ] SHA256:+YOJuOBG2YRkTJ4mp5DUETdtl0p1vqQris2IyUpDHIw root@ubuntu-bionicStarted Daily apt download activities.

[[0;32m  OK  [0m] Started Daily apt upgrade and clean activities.
[   18.450310] cloud-init[[685]: [0;32m  OK  [0mThe key's randomart image is:] 
Listening on D-Bus System Message Bus Socket.
[[0;32m  OK  [0m] Listening on Open-iSCSI iscsid Socket.
[[0;32m  OK  [0m] Started Daily Cleanup of Temporary Directories.
[   18.478189] [[0;32m  OK  [0m] Reached target Timers.
[[0;32m  OK  [0m] Reached target Network is Online.
cloud-init[685]: +---[RSA 2048]----+
         Starting Availability of block devices...
[   18.543648] [cloud-init[0;32m  OK  [0m[685]: ] | +oooo. ....     |Reached target Remote File Systems (Pre).

[[0;32m  OK  [0m] Reached target Remote File Systems.
[   18.602176] [[0;32m  OK  [0m] Listening on LXD - unix socket.
[[0;32m  OK  [0m] Listening on Socket activation for snappy daemon.
cloud-init[685]: |+o+o. .+ oo      |
[[0;32m  OK  [0m] Started Availability of block devices.
[   18.627801] [[0;32m  OK  [0m] Reached target Sockets.
[[0;32m  OK  [0m] Reached target Basic System.
         Starting LSB: automatic crash report generation...
cloud-init[685]: |E==.  o o  o     |
[   18.642307] cloud-init[685]: |o=o .  . .o .    |
[   18.642370] cloud-init[685]: |.o +    S. .     |
[   18.642401] cloud-init[685]: |. o .. . +.      |
[   18.642432] cloud-init[685]: | +. . ..o.o      |
[   18.642466] cloud-init[685]: |o.=.=.. .  .     |
[   18.642495] cloud-init[685]: |o=.o.+           |
[   18.642835] cloud-init[685]: +----[SHA256]-----+
[   18.642886] cloud-init[685]: Generating public/private dsa key pair.
[   18.642973] cloud-init[685]: Your identification has been saved in /etc/ssh/ssh_host_dsa_key.
         Starting LSB: Record successful boot for GRUB...
[   18.649879] cloud-init         Starting System Logging Service...
[[0;32m  OK  [0m] Started FUSE filesystem for LXC.
[685]: Your public key has been saved in /etc/ssh/ssh_host_dsa_key.pub.
         Starting Dispatcher daemon for systemd-networkd...
[   18.850159] cloud-init         Starting Permit User Sessions...
[685]: The key fingerprint is:
[   18.855334] cloud-init[685]: SHA256:ozLD4JaXL9isifX5FeUPRrvB5xZfbgZTPGUYwSqTE1M root@ubuntu-bionic
         Starting Snappy daemon...
[   18.895929] cloud-init[685]: The key's randomart image is:[
[0;32m  OK  [0m] Started D-Bus System Message Bus.
[   18.964284] cloud-init[685]: +---[DSA 1024]----+
[   18.981643] cloud-init[685]: |           .E.o+o|
[   18.987008] cloud-init[685]: |          o   oo.|
[   18.992641] cloud-init[685]: |          o+ . .o|
[   18.997235] cloud-init[685]: |         ==..  ..|
[   19.002768] cloud-init[685]: |  .     S B+o o .|
[   19.010656] cloud-init[685]: | . + . . + B o = |
[   19.052322] cloud-init[685]: |  =+B . . . + . +|
[   19.066806] cloud-init         Starting Pollinate to seed the pseudo random number generator...
[685]: | +.++* .   .   o |
[[0;32m  OK  [0m] Started Deferred execution scheduler.
[   19.123617] cloud-init[685]: |. o.ooo          |
[   19.127791] cloud-init[685]: +----[SHA256]-----+
         Starting Virtualbox guest utils...
[   19.128558] cloud-init[685]: Generating public/private ecdsa key pair.
[   19.168305] [[0;32m  OK  [0m] Started Regular background program processing daemon.
         Starting Accounts Service...
cloud-init[685]: Your identification has been saved in /etc/ssh/ssh_host_ecdsa_key.
[[0;32m  OK  [0m] Started irqbalance daemon.
[   19.228560] cloud-init[685]:          Starting Login Service...
         Starting LXD - container startup/shutdown...
[[0;32m  OK  [0m] Started System Logging Service.
Your public key has been saved in /etc/ssh/ssh_host_ecdsa_key.pub.[[0;32m  OK  [0m] Started Permit User Sessions.

[   19.243920] cloud-init[685]:          Starting Terminate Plymouth Boot Screen...
         Starting Hold until boot process finishes up...
[[0;32m  OK  [0m] Started Hold until boot process finishes up.
[[0;32m  OK  [0m] Started Serial Getty on ttyS0.
The key fingerprint is:
         Starting Set console scheme...
[   19.262296] cloud-init[685]: SHA256:QhotD8au65PFKBqawAyaTB64HPPqKjLpf6tave25RJs root@ubuntu-bionic[[0;32m  OK  [0m] 
Started Terminate Plymouth Boot Screen.
[   19.271520] cloud-init[685]: The key's randomart image is:
[   19.280349] cloud-init[685]: +---[ECDSA 256]---+
[   19.285965] cloud-init[685]: |                 |
[   19.291004] cloud-init[685]: |   . .           |
[   19.294999] cloud-init[685]: |.   * o          |
[   19.299920] cloud-init[685]: |o= o B           |
[   19.304603] cloud-init[685]: |Xo=oo o.S        |
[   19.308869] cloud-init[685]: |B*.o+ ..o        |
[   19.312155] cloud-init[685]: |+=o+ . E         |
[   19.317651] cloud-init[685]: |O.+. .+ .        |
[   19.320222] cloud-init[685]: |B*=+ooo=.        |
[   19.322692] cloud-init[685]: +----[SHA256]-----+
[   19.326597] cloud-init[685]: Generating public/private ed25519 key pair.
[   19.329300] cloud-init[685]: Your identification has been saved in /etc/ssh/ssh_host_ed25519_key.
[   19.333778] cloud-init[685]: Your public key has been saved in /etc/ssh/ssh_host_ed25519_key.pub.
[   19.341810] cloud-init[685]: The key fingerprint is:
[   19.351281] cloud-init[685]: SHA256:BnDOYeYT7oVa3YJZKRPmyrQQ9BFJ96cYMj3eZLcEQFc root@ubuntu-bionic
[[0;32m  OK  [0m] Started Set console scheme.
[[0;32m  OK  [0m] Created slice system-getty.slice.
[[0;32m  OK  [0m] Started Getty on tty1.
[[0;32m  OK  [0m] Reached target Login Prompts.
[[0;32m  OK  [0m] Started Login Service.
[[0;32m  OK  [0m] Started LSB: automatic crash report generation.
[   19.484414] cloud-init[685]: [[0;32m  OK  [0m] Started Unattended Upgrades Shutdown.
         Starting Authorization Manager...
The key's randomart image is:
[   19.531898] cloud-init[685]: +--[ED25519 256]--+
[   19.537125] cloud-init[685]: | .o.=+%o+oE      |
[   19.542168] cloud-init[685]: |   o./o@.o       |
[[0;32m  OK  [0m] Started Virtualbox guest utils.
[   19.573768] cloud-init[685]: |  . = ^oB =      |
[   19.576081] cloud-init[685]: |   + X @ * .     |[[0;32m  OK  [0m] Started LSB: Record successful boot for GRUB.

[   19.582004] cloud-init[685]: |    = + S .      |
[   19.600563] cloud-init[685]: |       .         |
[   19.611070] cloud-init[685]: |                 |
[   19.613165] cloud-init[685]: |                 |
[   19.639538] cloud-init[685]: |                 |
[   19.642919] cloud-init[685]: +----[SHA256]-----+
[[0;32m  OK  [0m] Started Authorization Manager.
[[0;32m  OK  [0m] Started Accounts Service.
[[0;32m  OK  [0m] Started LXD - container startup/shutdown.
[[0;32m  OK  [0m] Started Dispatcher daemon for systemd-networkd.
[[0;32m  OK  [0m] Started Snappy daemon.
         Starting Wait until snapd is fully seeded...
[[0;32m  OK  [0m] Started Pollinate to seed the pseudo random number generator.
         Starting OpenBSD Secure Shell server...
[[0;32m  OK  [0m] Started OpenBSD Secure Shell server.
[[0;32m  OK  [0m] Created slice User Slice of vagrant.
         Starting User Manager for UID 1000...
[[0;32m  OK  [0m] Started Session 1 of user vagrant.
[[0;32m  OK  [0m] Started User Manager for UID 1000.

Ubuntu 18.04.3 LTS ubuntu-bionic ttyS0

ubuntu-bionic login: [   25.876839] cloud-init[1376]: Cloud-init v. 19.2-36-g059d049c-0ubuntu2~18.04.1 running 'modules:config' at Sun, 17 Nov 2019 02:01:58 +0000. Up 24.96 seconds.
ci-info: no authorized ssh keys fingerprints found for user ubuntu.
<14>Nov 17 02:01:59 ec2: 
<14>Nov 17 02:01:59 ec2: #############################################################
<14>Nov 17 02:01:59 ec2: -----BEGIN SSH HOST KEY FINGERPRINTS-----
<14>Nov 17 02:01:59 ec2: 1024 SHA256:ozLD4JaXL9isifX5FeUPRrvB5xZfbgZTPGUYwSqTE1M root@ubuntu-bionic (DSA)
<14>Nov 17 02:01:59 ec2: 256 SHA256:QhotD8au65PFKBqawAyaTB64HPPqKjLpf6tave25RJs root@ubuntu-bionic (ECDSA)
<14>Nov 17 02:01:59 ec2: 256 SHA256:BnDOYeYT7oVa3YJZKRPmyrQQ9BFJ96cYMj3eZLcEQFc root@ubuntu-bionic (ED25519)
<14>Nov 17 02:01:59 ec2: 2048 SHA256:+YOJuOBG2YRkTJ4mp5DUETdtl0p1vqQris2IyUpDHIw root@ubuntu-bionic (RSA)
<14>Nov 17 02:01:59 ec2: -----END SSH HOST KEY FINGERPRINTS-----
<14>Nov 17 02:01:59 ec2: #############################################################
-----BEGIN SSH HOST KEY KEYS-----
ecdsa-sha2-nistp256 AAAAE2VjZHNhLXNoYTItbmlzdHAyNTYAAAAIbmlzdHAyNTYAAABBBBlEK4Uyqg9MTikx3Qu0nMc+oPixlnIPfP8ZzDjyKOQ1ew3x16N8YaMXIzK+ECCuepDoDpVfgyq8GIW8D41QBYQ= root@ubuntu-bionic
ssh-ed25519 AAAAC3NzaC1lZDI1NTE5AAAAIBH9/oOkV81oYbNajjSdX0m/mOcErP6TMx4V94Etd10W root@ubuntu-bionic
ssh-rsa AAAAB3NzaC1yc2EAAAADAQABAAABAQDXg42RJF/BPFuPNL5j91WqS2B9W1ynT/GM2+w9QfpXdMlzIbwdGkTFXcdmVUBahd/o34xNw17to3BQO9twr93nrzSdT61rnI30N4iRmkC/dselK7TdjYuSHuZGzW8dWOIWHWMoHjTiZl4KEvCbe8xM7q1KKVRA45g57MOxifzGiwaTN4elL/dI3NnDMvr7GuCZb9Bbv2yFHwSsBrskjl7XqouF43KfNUWG9VnPC5okgi3sDBULTNNMroeHaCWiuvMsCpptK3l8yC2/Gqn3n2xh0y+3U3IlQB6CIx6DafWlXMSMMkfiJLM07VfTNvC6+k843rywLKyQMPzfIIpwzJA1 root@ubuntu-bionic
-----END SSH HOST KEY KEYS-----
[   26.570927] cloud-init[1529]: Cloud-init v. 19.2-36-g059d049c-0ubuntu2~18.04.1 running 'modules:final' at Sun, 17 Nov 2019 02:01:59 +0000. Up 26.44 seconds.
[   26.571009] cloud-init[1529]: ci-info: no authorized ssh keys fingerprints found for user ubuntu.
[   26.571058] cloud-init[1529]: Cloud-init v. 19.2-36-g059d049c-0ubuntu2~18.04.1 finished at Sun, 17 Nov 2019 02:01:59 +0000. Datasource DataSourceNoCloud [seed=/dev/sdb][dsmode=net].  Up 26.56 seconds
